<?xml version="1.0" encoding="UTF-8"?>
<testng-results skipped="0" failed="0" ignored="0" total="1" passed="1">
  <reporter-output>
  </reporter-output>
  <suite name="Default suite" duration-ms="5185" started-at="2020-09-24T18:37:45 IST" finished-at="2020-09-24T18:37:50 IST">
    <groups>
    </groups>
    <test name="Default test" duration-ms="5185" started-at="2020-09-24T18:37:45 IST" finished-at="2020-09-24T18:37:50 IST">
      <class name="com.rest.tests.GetcallBDD">
        <test-method status="PASS" signature="test_numberofcorcuitsfor2018()[pri:0, instance:com.rest.tests.GetcallBDD@3a883ce7]" name="test_numberofcorcuitsfor2018" duration-ms="5133" started-at="2020-09-24T18:37:45 IST" finished-at="2020-09-24T18:37:50 IST">
          <reporter-output>
          </reporter-output>
        </test-method> <!-- test_numberofcorcuitsfor2018 -->
      </class> <!-- com.rest.tests.GetcallBDD -->
    </test> <!-- Default test -->
  </suite> <!-- Default suite -->
</testng-results>
